Arguments: 
  /Users/nguyenhoaivy/.nvm/versions/node/v16.13.1/bin/node /Users/nguyenhoaivy/.nvm/versions/node/v16.13.1/bin/yarn add dotenv

PATH: 
  /Users/nguyenhoaivy/.nvm/versions/node/v16.13.1/bin:/usr/local/bin:/usr/bin:/bin:/usr/sbin:/sbin:/Library/Apple/usr/bin:/Users/nguyenhoaivy/.nvm/versions/node/v16.13.1/bin

Yarn version: 
  1.22.17

Node version: 
  16.13.1

Platform: 
  darwin x64

Trace: 
  SyntaxError: /Users/nguyenhoaivy/Desktop/Trader Master/future/package.json: Unexpected end of JSON input
      at JSON.parse (<anonymous>)
      at /Users/nguyenhoaivy/.nvm/versions/node/v16.13.1/lib/node_modules/yarn/lib/cli.js:1625:59
      at Generator.next (<anonymous>)
      at step (/Users/nguyenhoaivy/.nvm/versions/node/v16.13.1/lib/node_modules/yarn/lib/cli.js:310:30)
      at /Users/nguyenhoaivy/.nvm/versions/node/v16.13.1/lib/node_modules/yarn/lib/cli.js:321:13

npm manifest: 
  

yarn manifest: 
  No manifest

Lockfile: 
  No lockfile
